<?xml version="1.0" encoding="UTF-8"?>
<!-- Generated by org.testng.reporters.JUnitReportReporter -->
<testsuite hostname="Gaurav" failures="0" tests="3" name="testlayer.AddToCartTest" time="4.778" errors="0" timestamp="2024-06-20T17:26:51 IST" skipped="0">
  <testcase classname="testlayer.AddToCartTest" name="validateAddToCartfunctionality" time="4.445"/>
  <system-out/>
  <testcase classname="testlayer.AddToCartTest" name="validateclickaddtocartfunctionality" time="0.161"/>
  <system-out/>
  <testcase classname="testlayer.AddToCartTest" name="validateclickCheckoutfunctionality" time="0.172"/>
  <system-out/>
</testsuite> <!-- testlayer.AddToCartTest -->
