<?xml version="1.0" encoding="UTF-8"?>
<!-- Generated by org.testng.reporters.JUnitReportReporter -->
<testsuite hostname="Gaurav" failures="0" tests="1" name="testlayer.FinishTest" time="0.147" errors="0" timestamp="2024-06-20T17:26:51 IST" skipped="0">
  <testcase classname="testlayer.FinishTest" name="validatefinishfunctionality" time="0.147"/>
  <system-out/>
</testsuite> <!-- testlayer.FinishTest -->
